command=git ls-files | sort
captured_at_utc=2026-07-21T15:14:22Z

alpabridge.pdf
artifacts/cvm/figures/evaluation_pipeline.pdf
artifacts/cvm/figures/main_results.pdf
artifacts/cvm/figures/system_architecture.pdf
artifacts/cvm/figures/waymax_factorial.pdf
artifacts/cvm/figures/waymax_factorial.png
artifacts/cvm/inputs/diagnostic_protocol_sessions.jsonl
artifacts/cvm/inputs/README.md
artifacts/cvm/manifests/experiment_matrix.yaml
artifacts/cvm/manifests/run_manifests/core_constant_velocity_clipgt-01d503d4-449b-46fc-8d78-9085e70d3554_17_full_contract.json
artifacts/cvm/manifests/run_manifests/core_constant_velocity_clipgt-01d503d4-449b-46fc-8d78-9085e70d3554_29_full_contract.json
artifacts/cvm/manifests/run_manifests/core_constant_velocity_clipgt-01d503d4-449b-46fc-8d78-9085e70d3554_43_full_contract.json
artifacts/cvm/manifests/run_manifests/core_constant_velocity_clipgt-02e075b9-fd24-426b-971b-7cfcb2074cc9_17_full_contract.json
artifacts/cvm/manifests/run_manifests/core_constant_velocity_clipgt-02e075b9-fd24-426b-971b-7cfcb2074cc9_29_full_contract.json
artifacts/cvm/manifests/run_manifests/core_constant_velocity_clipgt-02e075b9-fd24-426b-971b-7cfcb2074cc9_43_full_contract.json
artifacts/cvm/manifests/run_manifests/core_constant_velocity_clipgt-048b974e-1546-488a-b8f9-d32bff77f5aa_17_full_contract.json
artifacts/cvm/manifests/run_manifests/core_constant_velocity_clipgt-048b974e-1546-488a-b8f9-d32bff77f5aa_29_full_contract.json
artifacts/cvm/manifests/run_manifests/core_constant_velocity_clipgt-048b974e-1546-488a-b8f9-d32bff77f5aa_43_full_contract.json
artifacts/cvm/manifests/run_manifests/core_constant_velocity_clipgt-0499fb41-122d-4180-83af-f954a9974d3b_17_full_contract.json
artifacts/cvm/manifests/run_manifests/core_constant_velocity_clipgt-0499fb41-122d-4180-83af-f954a9974d3b_29_full_contract.json
artifacts/cvm/manifests/run_manifests/core_constant_velocity_clipgt-0499fb41-122d-4180-83af-f954a9974d3b_43_full_contract.json
artifacts/cvm/manifests/run_manifests/core_constant_velocity_clipgt-05f35348-9de0-4f68-ac65-f31316dbb59e_17_full_contract.json
artifacts/cvm/manifests/run_manifests/core_constant_velocity_clipgt-05f35348-9de0-4f68-ac65-f31316dbb59e_29_full_contract.json
artifacts/cvm/manifests/run_manifests/core_constant_velocity_clipgt-05f35348-9de0-4f68-ac65-f31316dbb59e_43_full_contract.json
artifacts/cvm/manifests/run_manifests/core_constant_velocity_clipgt-07981e6a-22dd-4796-ad2f-1252037ecd28_17_full_contract.json
artifacts/cvm/manifests/run_manifests/core_constant_velocity_clipgt-07981e6a-22dd-4796-ad2f-1252037ecd28_29_full_contract.json
artifacts/cvm/manifests/run_manifests/core_constant_velocity_clipgt-07981e6a-22dd-4796-ad2f-1252037ecd28_43_full_contract.json
artifacts/cvm/manifests/run_manifests/core_constant_velocity_clipgt-098e2482-6db2-473b-b08a-2a80be9320f3_17_full_contract.json
artifacts/cvm/manifests/run_manifests/core_constant_velocity_clipgt-0ce02937-f31b-4b4e-8286-3af73ae8861e_17_full_contract.json
artifacts/cvm/manifests/run_manifests/core_constant_velocity_clipgt-0ce6f2a3-a6cf-42c3-9133-111139be1dd1_17_full_contract.json
artifacts/cvm/manifests/run_manifests/core_constant_velocity_clipgt-0fa7060f-1481-4ff3-977e-510285e2515d_17_full_contract.json
artifacts/cvm/manifests/run_manifests/core_constant_velocity_clipgt-0fd06bc3-1899-4b45-9278-c5c018b3968d_17_full_contract.json
artifacts/cvm/manifests/run_manifests/core_constant_velocity_clipgt-0fd2c051-f5e1-4416-9bb5-9b93d92f55fb_17_full_contract.json
artifacts/cvm/manifests/run_manifests/core_constant_velocity_clipgt-11e62ffc-ebd9-448b-88ca-61796a5e5db6_17_full_contract.json
artifacts/cvm/manifests/run_manifests/core_constant_velocity_clipgt-11fce928-d921-42fb-b202-29608242745a_17_full_contract.json
artifacts/cvm/manifests/run_manifests/core_constant_velocity_clipgt-12449274-01ce-4d5e-b5f8-5fe675668dd0_17_full_contract.json
artifacts/cvm/manifests/run_manifests/core_direct_actor_planner_clipgt-01d503d4-449b-46fc-8d78-9085e70d3554_17_full_contract.json
artifacts/cvm/manifests/run_manifests/core_direct_actor_planner_clipgt-01d503d4-449b-46fc-8d78-9085e70d3554_29_full_contract.json
artifacts/cvm/manifests/run_manifests/core_direct_actor_planner_clipgt-01d503d4-449b-46fc-8d78-9085e70d3554_43_full_contract.json
artifacts/cvm/manifests/run_manifests/core_direct_actor_planner_clipgt-02e075b9-fd24-426b-971b-7cfcb2074cc9_17_full_contract.json
artifacts/cvm/manifests/run_manifests/core_direct_actor_planner_clipgt-02e075b9-fd24-426b-971b-7cfcb2074cc9_29_full_contract.json
artifacts/cvm/manifests/run_manifests/core_direct_actor_planner_clipgt-02e075b9-fd24-426b-971b-7cfcb2074cc9_43_full_contract.json
artifacts/cvm/manifests/run_manifests/core_direct_actor_planner_clipgt-048b974e-1546-488a-b8f9-d32bff77f5aa_17_full_contract.json
artifacts/cvm/manifests/run_manifests/core_direct_actor_planner_clipgt-048b974e-1546-488a-b8f9-d32bff77f5aa_29_full_contract.json
artifacts/cvm/manifests/run_manifests/core_direct_actor_planner_clipgt-048b974e-1546-488a-b8f9-d32bff77f5aa_43_full_contract.json
artifacts/cvm/manifests/run_manifests/core_direct_actor_planner_clipgt-0499fb41-122d-4180-83af-f954a9974d3b_17_full_contract.json
artifacts/cvm/manifests/run_manifests/core_direct_actor_planner_clipgt-0499fb41-122d-4180-83af-f954a9974d3b_29_full_contract.json
artifacts/cvm/manifests/run_manifests/core_direct_actor_planner_clipgt-0499fb41-122d-4180-83af-f954a9974d3b_43_full_contract.json
artifacts/cvm/manifests/run_manifests/core_direct_actor_planner_clipgt-05f35348-9de0-4f68-ac65-f31316dbb59e_17_full_contract.json
artifacts/cvm/manifests/run_manifests/core_direct_actor_planner_clipgt-05f35348-9de0-4f68-ac65-f31316dbb59e_29_full_contract.json
artifacts/cvm/manifests/run_manifests/core_direct_actor_planner_clipgt-05f35348-9de0-4f68-ac65-f31316dbb59e_43_full_contract.json
artifacts/cvm/manifests/run_manifests/core_direct_actor_planner_clipgt-07981e6a-22dd-4796-ad2f-1252037ecd28_17_full_contract.json
artifacts/cvm/manifests/run_manifests/core_direct_actor_planner_clipgt-07981e6a-22dd-4796-ad2f-1252037ecd28_29_full_contract.json
artifacts/cvm/manifests/run_manifests/core_direct_actor_planner_clipgt-07981e6a-22dd-4796-ad2f-1252037ecd28_43_full_contract.json
artifacts/cvm/manifests/run_manifests/core_direct_actor_planner_clipgt-098e2482-6db2-473b-b08a-2a80be9320f3_17_full_contract.json
artifacts/cvm/manifests/run_manifests/core_direct_actor_planner_clipgt-0ce02937-f31b-4b4e-8286-3af73ae8861e_17_full_contract.json
artifacts/cvm/manifests/run_manifests/core_direct_actor_planner_clipgt-0ce6f2a3-a6cf-42c3-9133-111139be1dd1_17_full_contract.json
artifacts/cvm/manifests/run_manifests/core_direct_actor_planner_clipgt-0fa7060f-1481-4ff3-977e-510285e2515d_17_full_contract.json
artifacts/cvm/manifests/run_manifests/core_direct_actor_planner_clipgt-0fd06bc3-1899-4b45-9278-c5c018b3968d_17_full_contract.json
artifacts/cvm/manifests/run_manifests/core_direct_actor_planner_clipgt-0fd2c051-f5e1-4416-9bb5-9b93d92f55fb_17_full_contract.json
artifacts/cvm/manifests/run_manifests/core_direct_actor_planner_clipgt-11e62ffc-ebd9-448b-88ca-61796a5e5db6_17_full_contract.json
artifacts/cvm/manifests/run_manifests/core_direct_actor_planner_clipgt-11fce928-d921-42fb-b202-29608242745a_17_full_contract.json
artifacts/cvm/manifests/run_manifests/core_direct_actor_planner_clipgt-12449274-01ce-4d5e-b5f8-5fe675668dd0_17_full_contract.json
artifacts/cvm/manifests/run_manifests/core_route_following_clipgt-01d503d4-449b-46fc-8d78-9085e70d3554_17_full_contract.json
artifacts/cvm/manifests/run_manifests/core_route_following_clipgt-01d503d4-449b-46fc-8d78-9085e70d3554_29_full_contract.json
artifacts/cvm/manifests/run_manifests/core_route_following_clipgt-01d503d4-449b-46fc-8d78-9085e70d3554_43_full_contract.json
artifacts/cvm/manifests/run_manifests/core_route_following_clipgt-02e075b9-fd24-426b-971b-7cfcb2074cc9_17_full_contract.json
artifacts/cvm/manifests/run_manifests/core_route_following_clipgt-02e075b9-fd24-426b-971b-7cfcb2074cc9_29_full_contract.json
artifacts/cvm/manifests/run_manifests/core_route_following_clipgt-02e075b9-fd24-426b-971b-7cfcb2074cc9_43_full_contract.json
artifacts/cvm/manifests/run_manifests/core_route_following_clipgt-048b974e-1546-488a-b8f9-d32bff77f5aa_17_full_contract.json
artifacts/cvm/manifests/run_manifests/core_route_following_clipgt-048b974e-1546-488a-b8f9-d32bff77f5aa_29_full_contract.json
artifacts/cvm/manifests/run_manifests/core_route_following_clipgt-048b974e-1546-488a-b8f9-d32bff77f5aa_43_full_contract.json
artifacts/cvm/manifests/run_manifests/core_route_following_clipgt-0499fb41-122d-4180-83af-f954a9974d3b_17_full_contract.json
artifacts/cvm/manifests/run_manifests/core_route_following_clipgt-0499fb41-122d-4180-83af-f954a9974d3b_29_full_contract.json
artifacts/cvm/manifests/run_manifests/core_route_following_clipgt-0499fb41-122d-4180-83af-f954a9974d3b_43_full_contract.json
artifacts/cvm/manifests/run_manifests/core_route_following_clipgt-05f35348-9de0-4f68-ac65-f31316dbb59e_17_full_contract.json
artifacts/cvm/manifests/run_manifests/core_route_following_clipgt-05f35348-9de0-4f68-ac65-f31316dbb59e_29_full_contract.json
artifacts/cvm/manifests/run_manifests/core_route_following_clipgt-05f35348-9de0-4f68-ac65-f31316dbb59e_43_full_contract.json
artifacts/cvm/manifests/run_manifests/core_route_following_clipgt-07981e6a-22dd-4796-ad2f-1252037ecd28_17_full_contract.json
artifacts/cvm/manifests/run_manifests/core_route_following_clipgt-07981e6a-22dd-4796-ad2f-1252037ecd28_29_full_contract.json
artifacts/cvm/manifests/run_manifests/core_route_following_clipgt-07981e6a-22dd-4796-ad2f-1252037ecd28_43_full_contract.json
artifacts/cvm/manifests/run_manifests/core_route_following_clipgt-098e2482-6db2-473b-b08a-2a80be9320f3_17_full_contract.json
artifacts/cvm/manifests/run_manifests/core_route_following_clipgt-0ce02937-f31b-4b4e-8286-3af73ae8861e_17_full_contract.json
artifacts/cvm/manifests/run_manifests/core_route_following_clipgt-0ce6f2a3-a6cf-42c3-9133-111139be1dd1_17_full_contract.json
artifacts/cvm/manifests/run_manifests/core_route_following_clipgt-0fa7060f-1481-4ff3-977e-510285e2515d_17_full_contract.json
artifacts/cvm/manifests/run_manifests/core_route_following_clipgt-0fd06bc3-1899-4b45-9278-c5c018b3968d_17_full_contract.json
artifacts/cvm/manifests/run_manifests/core_route_following_clipgt-0fd2c051-f5e1-4416-9bb5-9b93d92f55fb_17_full_contract.json
artifacts/cvm/manifests/run_manifests/core_route_following_clipgt-11e62ffc-ebd9-448b-88ca-61796a5e5db6_17_full_contract.json
artifacts/cvm/manifests/run_manifests/core_route_following_clipgt-11fce928-d921-42fb-b202-29608242745a_17_full_contract.json
artifacts/cvm/manifests/run_manifests/core_route_following_clipgt-12449274-01ce-4d5e-b5f8-5fe675668dd0_17_full_contract.json
artifacts/cvm/manifests/run_manifests/fault_injection_constant_velocity_17_deployment_docker_unavailable.json
artifacts/cvm/manifests/run_manifests/fault_injection_constant_velocity_17_deployment_gpu_runtime_unavailable.json
artifacts/cvm/manifests/run_manifests/fault_injection_constant_velocity_17_deployment_scene_artifact_missing.json
artifacts/cvm/manifests/run_manifests/fault_injection_constant_velocity_17_evidence_hash_mismatch.json
artifacts/cvm/manifests/run_manifests/fault_injection_constant_velocity_17_evidence_manifest_missing.json
artifacts/cvm/manifests/run_manifests/fault_injection_constant_velocity_17_lifecycle_duplicate_close.json
artifacts/cvm/manifests/run_manifests/fault_injection_constant_velocity_17_lifecycle_late_image.json
artifacts/cvm/manifests/run_manifests/fault_injection_constant_velocity_17_lifecycle_late_route.json
artifacts/cvm/manifests/run_manifests/fault_injection_constant_velocity_17_plugin_optional_backend_missing.json
artifacts/cvm/manifests/run_manifests/fault_injection_constant_velocity_17_semantic_command_only.json
artifacts/cvm/manifests/run_manifests/fault_injection_constant_velocity_17_semantic_road_center_reference.json
artifacts/cvm/manifests/run_manifests/fault_injection_constant_velocity_17_semantic_route_missing.json
artifacts/cvm/manifests/run_manifests/fault_injection_constant_velocity_17_temporal_invalid_sample_count.json
artifacts/cvm/manifests/run_manifests/fault_injection_constant_velocity_17_temporal_nan_trajectory.json
artifacts/cvm/manifests/run_manifests/fault_injection_constant_velocity_17_temporal_stale_observation.json
artifacts/cvm/manifests/run_manifests/lifecycle_stress_constant_velocity_17_full_lifecycle_hardening_cycle01.json
artifacts/cvm/manifests/run_manifests/lifecycle_stress_constant_velocity_17_full_lifecycle_hardening_cycle02.json
artifacts/cvm/manifests/run_manifests/lifecycle_stress_constant_velocity_17_full_lifecycle_hardening_cycle03.json
artifacts/cvm/manifests/run_manifests/lifecycle_stress_constant_velocity_17_full_lifecycle_hardening_cycle04.json
artifacts/cvm/manifests/run_manifests/lifecycle_stress_constant_velocity_17_full_lifecycle_hardening_cycle05.json
artifacts/cvm/manifests/run_manifests/lifecycle_stress_constant_velocity_17_full_lifecycle_hardening_cycle06.json
artifacts/cvm/manifests/run_manifests/lifecycle_stress_constant_velocity_17_full_lifecycle_hardening_cycle07.json
artifacts/cvm/manifests/run_manifests/lifecycle_stress_constant_velocity_17_full_lifecycle_hardening_cycle08.json
artifacts/cvm/manifests/run_manifests/lifecycle_stress_constant_velocity_17_full_lifecycle_hardening_cycle09.json
artifacts/cvm/manifests/run_manifests/lifecycle_stress_constant_velocity_17_full_lifecycle_hardening_cycle10.json
artifacts/cvm/manifests/run_manifests/lifecycle_stress_constant_velocity_17_full_lifecycle_hardening_cycle11.json
artifacts/cvm/manifests/run_manifests/lifecycle_stress_constant_velocity_17_full_lifecycle_hardening_cycle12.json
artifacts/cvm/manifests/run_manifests/lifecycle_stress_constant_velocity_17_full_lifecycle_hardening_cycle13.json
artifacts/cvm/manifests/run_manifests/lifecycle_stress_constant_velocity_17_full_lifecycle_hardening_cycle14.json
artifacts/cvm/manifests/run_manifests/lifecycle_stress_constant_velocity_17_full_lifecycle_hardening_cycle15.json
artifacts/cvm/manifests/run_manifests/lifecycle_stress_constant_velocity_17_full_lifecycle_hardening_cycle16.json
artifacts/cvm/manifests/run_manifests/lifecycle_stress_constant_velocity_17_full_lifecycle_hardening_cycle17.json
artifacts/cvm/manifests/run_manifests/lifecycle_stress_constant_velocity_17_full_lifecycle_hardening_cycle18.json
artifacts/cvm/manifests/run_manifests/lifecycle_stress_constant_velocity_17_full_lifecycle_hardening_cycle19.json
artifacts/cvm/manifests/run_manifests/lifecycle_stress_constant_velocity_17_full_lifecycle_hardening_cycle20.json
artifacts/cvm/manifests/run_manifests/lifecycle_stress_constant_velocity_17_strict_or_pre_hardening_behavior_cycle01.json
artifacts/cvm/manifests/run_manifests/lifecycle_stress_constant_velocity_17_strict_or_pre_hardening_behavior_cycle02.json
artifacts/cvm/manifests/run_manifests/lifecycle_stress_constant_velocity_17_strict_or_pre_hardening_behavior_cycle03.json
artifacts/cvm/manifests/run_manifests/lifecycle_stress_constant_velocity_17_strict_or_pre_hardening_behavior_cycle04.json
artifacts/cvm/manifests/run_manifests/lifecycle_stress_constant_velocity_17_strict_or_pre_hardening_behavior_cycle05.json
artifacts/cvm/manifests/run_manifests/lifecycle_stress_constant_velocity_17_strict_or_pre_hardening_behavior_cycle06.json
artifacts/cvm/manifests/run_manifests/lifecycle_stress_constant_velocity_17_strict_or_pre_hardening_behavior_cycle07.json
artifacts/cvm/manifests/run_manifests/lifecycle_stress_constant_velocity_17_strict_or_pre_hardening_behavior_cycle08.json
artifacts/cvm/manifests/run_manifests/lifecycle_stress_constant_velocity_17_strict_or_pre_hardening_behavior_cycle09.json
artifacts/cvm/manifests/run_manifests/lifecycle_stress_constant_velocity_17_strict_or_pre_hardening_behavior_cycle10.json
artifacts/cvm/manifests/run_manifests/lifecycle_stress_constant_velocity_17_strict_or_pre_hardening_behavior_cycle11.json
artifacts/cvm/manifests/run_manifests/lifecycle_stress_constant_velocity_17_strict_or_pre_hardening_behavior_cycle12.json
artifacts/cvm/manifests/run_manifests/lifecycle_stress_constant_velocity_17_strict_or_pre_hardening_behavior_cycle13.json
artifacts/cvm/manifests/run_manifests/lifecycle_stress_constant_velocity_17_strict_or_pre_hardening_behavior_cycle14.json
artifacts/cvm/manifests/run_manifests/lifecycle_stress_constant_velocity_17_strict_or_pre_hardening_behavior_cycle15.json
artifacts/cvm/manifests/run_manifests/lifecycle_stress_constant_velocity_17_strict_or_pre_hardening_behavior_cycle16.json
artifacts/cvm/manifests/run_manifests/lifecycle_stress_constant_velocity_17_strict_or_pre_hardening_behavior_cycle17.json
artifacts/cvm/manifests/run_manifests/lifecycle_stress_constant_velocity_17_strict_or_pre_hardening_behavior_cycle18.json
artifacts/cvm/manifests/run_manifests/lifecycle_stress_constant_velocity_17_strict_or_pre_hardening_behavior_cycle19.json
artifacts/cvm/manifests/run_manifests/lifecycle_stress_constant_velocity_17_strict_or_pre_hardening_behavior_cycle20.json
artifacts/cvm/manifests/run_manifests/semantic_ablation_route_following_clipgt-01d503d4-449b-46fc-8d78-9085e70d3554_17_command_only_route.json
artifacts/cvm/manifests/run_manifests/semantic_ablation_route_following_clipgt-01d503d4-449b-46fc-8d78-9085e70d3554_17_full_contract.json
artifacts/cvm/manifests/run_manifests/semantic_ablation_route_following_clipgt-01d503d4-449b-46fc-8d78-9085e70d3554_29_command_only_route.json
artifacts/cvm/manifests/run_manifests/semantic_ablation_route_following_clipgt-01d503d4-449b-46fc-8d78-9085e70d3554_29_full_contract.json
artifacts/cvm/manifests/run_manifests/semantic_ablation_route_following_clipgt-01d503d4-449b-46fc-8d78-9085e70d3554_43_command_only_route.json
artifacts/cvm/manifests/run_manifests/semantic_ablation_route_following_clipgt-01d503d4-449b-46fc-8d78-9085e70d3554_43_full_contract.json
artifacts/cvm/manifests/run_manifests/semantic_ablation_route_following_clipgt-02e075b9-fd24-426b-971b-7cfcb2074cc9_17_command_only_route.json
artifacts/cvm/manifests/run_manifests/semantic_ablation_route_following_clipgt-02e075b9-fd24-426b-971b-7cfcb2074cc9_17_full_contract.json
artifacts/cvm/manifests/run_manifests/semantic_ablation_route_following_clipgt-02e075b9-fd24-426b-971b-7cfcb2074cc9_29_command_only_route.json
artifacts/cvm/manifests/run_manifests/semantic_ablation_route_following_clipgt-02e075b9-fd24-426b-971b-7cfcb2074cc9_29_full_contract.json
artifacts/cvm/manifests/run_manifests/semantic_ablation_route_following_clipgt-02e075b9-fd24-426b-971b-7cfcb2074cc9_43_command_only_route.json
artifacts/cvm/manifests/run_manifests/semantic_ablation_route_following_clipgt-02e075b9-fd24-426b-971b-7cfcb2074cc9_43_full_contract.json
artifacts/cvm/manifests/run_manifests/semantic_ablation_route_following_clipgt-048b974e-1546-488a-b8f9-d32bff77f5aa_17_command_only_route.json
artifacts/cvm/manifests/run_manifests/semantic_ablation_route_following_clipgt-048b974e-1546-488a-b8f9-d32bff77f5aa_17_full_contract.json
artifacts/cvm/manifests/run_manifests/semantic_ablation_route_following_clipgt-048b974e-1546-488a-b8f9-d32bff77f5aa_29_command_only_route.json
artifacts/cvm/manifests/run_manifests/semantic_ablation_route_following_clipgt-048b974e-1546-488a-b8f9-d32bff77f5aa_29_full_contract.json
artifacts/cvm/manifests/run_manifests/semantic_ablation_route_following_clipgt-048b974e-1546-488a-b8f9-d32bff77f5aa_43_command_only_route.json
artifacts/cvm/manifests/run_manifests/semantic_ablation_route_following_clipgt-048b974e-1546-488a-b8f9-d32bff77f5aa_43_full_contract.json
artifacts/cvm/manifests/run_manifests/semantic_ablation_route_following_clipgt-0499fb41-122d-4180-83af-f954a9974d3b_17_command_only_route.json
artifacts/cvm/manifests/run_manifests/semantic_ablation_route_following_clipgt-0499fb41-122d-4180-83af-f954a9974d3b_17_full_contract.json
artifacts/cvm/manifests/run_manifests/semantic_ablation_route_following_clipgt-05f35348-9de0-4f68-ac65-f31316dbb59e_17_command_only_route.json
artifacts/cvm/manifests/run_manifests/semantic_ablation_route_following_clipgt-05f35348-9de0-4f68-ac65-f31316dbb59e_17_full_contract.json
artifacts/cvm/manifests/run_manifests/semantic_ablation_route_following_clipgt-07981e6a-22dd-4796-ad2f-1252037ecd28_17_command_only_route.json
artifacts/cvm/manifests/run_manifests/semantic_ablation_route_following_clipgt-07981e6a-22dd-4796-ad2f-1252037ecd28_17_full_contract.json
artifacts/cvm/manifests/run_manifests/semantic_ablation_route_following_clipgt-098e2482-6db2-473b-b08a-2a80be9320f3_17_command_only_route.json
artifacts/cvm/manifests/run_manifests/semantic_ablation_route_following_clipgt-098e2482-6db2-473b-b08a-2a80be9320f3_17_full_contract.json
artifacts/cvm/manifests/run_manifests/semantic_ablation_route_following_clipgt-0ce02937-f31b-4b4e-8286-3af73ae8861e_17_command_only_route.json
artifacts/cvm/manifests/run_manifests/semantic_ablation_route_following_clipgt-0ce02937-f31b-4b4e-8286-3af73ae8861e_17_full_contract.json
artifacts/cvm/manifests/run_manifests/semantic_ablation_route_following_clipgt-0ce6f2a3-a6cf-42c3-9133-111139be1dd1_17_command_only_route.json
artifacts/cvm/manifests/run_manifests/semantic_ablation_route_following_clipgt-0ce6f2a3-a6cf-42c3-9133-111139be1dd1_17_full_contract.json
artifacts/cvm/manifests/run_manifests/semantic_ablation_route_following_clipgt-0fa7060f-1481-4ff3-977e-510285e2515d_17_command_only_route.json
artifacts/cvm/manifests/run_manifests/semantic_ablation_route_following_clipgt-0fa7060f-1481-4ff3-977e-510285e2515d_17_full_contract.json
artifacts/cvm/manifests/run_manifests/semantic_ablation_route_following_clipgt-0fd06bc3-1899-4b45-9278-c5c018b3968d_17_command_only_route.json
artifacts/cvm/manifests/run_manifests/semantic_ablation_route_following_clipgt-0fd06bc3-1899-4b45-9278-c5c018b3968d_17_full_contract.json
artifacts/cvm/manifests/run_manifests/semantic_ablation_route_following_clipgt-0fd2c051-f5e1-4416-9bb5-9b93d92f55fb_17_command_only_route.json
artifacts/cvm/manifests/run_manifests/semantic_ablation_route_following_clipgt-0fd2c051-f5e1-4416-9bb5-9b93d92f55fb_17_full_contract.json
artifacts/cvm/manifests/run_manifests/semantic_ablation_route_following_clipgt-11e62ffc-ebd9-448b-88ca-61796a5e5db6_17_command_only_route.json
artifacts/cvm/manifests/run_manifests/semantic_ablation_route_following_clipgt-11e62ffc-ebd9-448b-88ca-61796a5e5db6_17_full_contract.json
artifacts/cvm/manifests/run_manifests/semantic_ablation_route_following_clipgt-11fce928-d921-42fb-b202-29608242745a_17_command_only_route.json
artifacts/cvm/manifests/run_manifests/semantic_ablation_route_following_clipgt-11fce928-d921-42fb-b202-29608242745a_17_full_contract.json
artifacts/cvm/manifests/run_manifests/semantic_ablation_route_following_clipgt-12449274-01ce-4d5e-b5f8-5fe675668dd0_17_command_only_route.json
artifacts/cvm/manifests/run_manifests/semantic_ablation_route_following_clipgt-12449274-01ce-4d5e-b5f8-5fe675668dd0_17_full_contract.json
artifacts/cvm/manifests/run_manifests/temporal_ablation_direct_actor_planner_clipgt-01d503d4-449b-46fc-8d78-9085e70d3554_17_full_temporal_contract.json
artifacts/cvm/manifests/run_manifests/temporal_ablation_direct_actor_planner_clipgt-01d503d4-449b-46fc-8d78-9085e70d3554_17_naive_or_disabled_resampling.json
artifacts/cvm/manifests/run_manifests/temporal_ablation_direct_actor_planner_clipgt-01d503d4-449b-46fc-8d78-9085e70d3554_29_full_temporal_contract.json
artifacts/cvm/manifests/run_manifests/temporal_ablation_direct_actor_planner_clipgt-01d503d4-449b-46fc-8d78-9085e70d3554_29_naive_or_disabled_resampling.json
artifacts/cvm/manifests/run_manifests/temporal_ablation_direct_actor_planner_clipgt-01d503d4-449b-46fc-8d78-9085e70d3554_43_full_temporal_contract.json
artifacts/cvm/manifests/run_manifests/temporal_ablation_direct_actor_planner_clipgt-01d503d4-449b-46fc-8d78-9085e70d3554_43_naive_or_disabled_resampling.json
artifacts/cvm/manifests/run_manifests/temporal_ablation_direct_actor_planner_clipgt-02e075b9-fd24-426b-971b-7cfcb2074cc9_17_full_temporal_contract.json
artifacts/cvm/manifests/run_manifests/temporal_ablation_direct_actor_planner_clipgt-02e075b9-fd24-426b-971b-7cfcb2074cc9_17_naive_or_disabled_resampling.json
artifacts/cvm/manifests/run_manifests/temporal_ablation_direct_actor_planner_clipgt-02e075b9-fd24-426b-971b-7cfcb2074cc9_29_full_temporal_contract.json
artifacts/cvm/manifests/run_manifests/temporal_ablation_direct_actor_planner_clipgt-02e075b9-fd24-426b-971b-7cfcb2074cc9_29_naive_or_disabled_resampling.json
artifacts/cvm/manifests/run_manifests/temporal_ablation_direct_actor_planner_clipgt-02e075b9-fd24-426b-971b-7cfcb2074cc9_43_full_temporal_contract.json
artifacts/cvm/manifests/run_manifests/temporal_ablation_direct_actor_planner_clipgt-02e075b9-fd24-426b-971b-7cfcb2074cc9_43_naive_or_disabled_resampling.json
artifacts/cvm/manifests/run_manifests/temporal_ablation_direct_actor_planner_clipgt-048b974e-1546-488a-b8f9-d32bff77f5aa_17_full_temporal_contract.json
artifacts/cvm/manifests/run_manifests/temporal_ablation_direct_actor_planner_clipgt-048b974e-1546-488a-b8f9-d32bff77f5aa_17_naive_or_disabled_resampling.json
artifacts/cvm/manifests/run_manifests/temporal_ablation_direct_actor_planner_clipgt-048b974e-1546-488a-b8f9-d32bff77f5aa_29_full_temporal_contract.json
artifacts/cvm/manifests/run_manifests/temporal_ablation_direct_actor_planner_clipgt-048b974e-1546-488a-b8f9-d32bff77f5aa_29_naive_or_disabled_resampling.json
artifacts/cvm/manifests/run_manifests/temporal_ablation_direct_actor_planner_clipgt-048b974e-1546-488a-b8f9-d32bff77f5aa_43_full_temporal_contract.json
artifacts/cvm/manifests/run_manifests/temporal_ablation_direct_actor_planner_clipgt-048b974e-1546-488a-b8f9-d32bff77f5aa_43_naive_or_disabled_resampling.json
artifacts/cvm/manifests/scene_manifest.yaml
artifacts/cvm/reports/baseline_report.md
artifacts/cvm/reports/blockers.md
artifacts/cvm/reports/claim_evidence_matrix.md
artifacts/cvm/reports/contract_test_audit.md
artifacts/cvm/reports/experiment_report.md
artifacts/cvm/reports/reference_audit.md
artifacts/cvm/reports/release_decision.md
artifacts/cvm/reports/repository_inventory.md
artifacts/cvm/reports/submission_checklist.md
artifacts/cvm/reports/test_report.md
artifacts/cvm/results/closed_loop_metrics.csv
artifacts/cvm/results/core/failures.csv
artifacts/cvm/results/core/runs.csv
artifacts/cvm/results/core/summary.csv
artifacts/cvm/results/core/summary.json
artifacts/cvm/results/diagnostic_experiment_cases.csv
artifacts/cvm/results/diagnostic_experiment.json
artifacts/cvm/results/failures.csv
artifacts/cvm/results/fault_injection.csv
artifacts/cvm/results/fault_injection/failures.csv
artifacts/cvm/results/fault_injection/fault_injection.csv
artifacts/cvm/results/fault_injection/runs.csv
artifacts/cvm/results/fault_injection/summary.csv
artifacts/cvm/results/fault_injection/summary.json
artifacts/cvm/results/frames.csv
artifacts/cvm/results/lifecycle_stress/failures.csv
artifacts/cvm/results/lifecycle_stress/lifecycle_stress.csv
artifacts/cvm/results/lifecycle_stress/runs.csv
artifacts/cvm/results/lifecycle_stress/summary.csv
artifacts/cvm/results/lifecycle_stress/summary.json
artifacts/cvm/results/runs.csv
artifacts/cvm/results/semantic_ablation/failures.csv
artifacts/cvm/results/semantic_ablation_pairs.csv
artifacts/cvm/results/semantic_ablation/runs.csv
artifacts/cvm/results/semantic_ablation/summary.csv
artifacts/cvm/results/semantic_ablation/summary.json
artifacts/cvm/results/summary.csv
artifacts/cvm/results/summary.json
artifacts/cvm/results/temporal_ablation/failures.csv
artifacts/cvm/results/temporal_ablation/runs.csv
artifacts/cvm/results/temporal_ablation/summary.csv
artifacts/cvm/results/temporal_ablation/summary.json
artifacts/cvm/tables/ablations.tex
artifacts/cvm/tables/contract_map.tex
artifacts/cvm/tables/fault_localization.tex
artifacts/cvm/tables/main_results.tex
artifacts/cvm/tables/paper_numbers.tex
artifacts/cvm/tables/protocol_replay_policies.tex
artifacts/cvm/tables/waymax_factorial.tex
artifacts/external/alpasim_dynamic_camera_rollout/camera-map.mp4
artifacts/external/alpasim_dynamic_camera_rollout/camera.mp4
artifacts/external/alpasim_dynamic_camera_rollout/driver.stdout.log
artifacts/external/alpasim_dynamic_camera_rollout/external-driver-config.yaml
artifacts/external/alpasim_dynamic_camera_rollout/generated-network-config.yaml
artifacts/external/alpasim_dynamic_camera_rollout/generated-user-config.yaml
artifacts/external/alpasim_dynamic_camera_rollout/manifest.json
artifacts/external/alpasim_dynamic_camera_rollout/metrics_results.txt
artifacts/external/alpasim_dynamic_camera_rollout/README.md
artifacts/external/alpasim_dynamic_camera_rollout/run_metadata.yaml
artifacts/external/alpasim_dynamic_camera_rollout/runtime.log
artifacts/external/alpasim_dynamic_camera_rollout/source-launch-metadata.json
artifacts/external/alpasim_e2e_challenge_conformance/challenge-driver-fixed.jsonl
artifacts/external/alpasim_e2e_challenge_conformance/metrics_results.txt
artifacts/external/alpasim_e2e_challenge_conformance/README.md
artifacts/external/alpasim_e2e_challenge_conformance/results-summary.json
artifacts/external/alpasim_navsim_reactive_rollout/camera-map.mp4
artifacts/external/alpasim_navsim_reactive_rollout/driver-telemetry.jsonl
artifacts/external/alpasim_navsim_reactive_rollout/generated-network-config.yaml
artifacts/external/alpasim_navsim_reactive_rollout/generated-user-config.yaml
artifacts/external/alpasim_navsim_reactive_rollout/manifest.json
artifacts/external/alpasim_navsim_reactive_rollout/metrics_results.txt
artifacts/external/alpasim_navsim_reactive_rollout/negative-control-driver-telemetry.jsonl
artifacts/external/alpasim_navsim_reactive_rollout/negative-control-runtime.log
artifacts/external/alpasim_navsim_reactive_rollout/negative-control-video-model-telemetry.jsonl
artifacts/external/alpasim_navsim_reactive_rollout/README.md
artifacts/external/alpasim_navsim_reactive_rollout/results-summary.json
artifacts/external/alpasim_navsim_reactive_rollout/runtime.log
artifacts/external/alpasim_navsim_reactive_rollout/video-model-telemetry.jsonl
artifacts/external/alpasim_protocol_replay/command_only_route.json
artifacts/external/alpasim_protocol_replay/command_only_route-telemetry.jsonl
artifacts/external/alpasim_protocol_replay/full_contract.json
artifacts/external/alpasim_protocol_replay/full_contract-telemetry.jsonl
artifacts/external/alpasim_protocol_replay/.gitignore
artifacts/external/alpasim_protocol_replay/manifest.json
artifacts/external/alpasim_protocol_replay/navsim_ego_status_mlp_command_only_route.json
artifacts/external/alpasim_protocol_replay/navsim_ego_status_mlp_command_only_route-telemetry.jsonl
artifacts/external/alpasim_protocol_replay/navsim_ego_status_mlp_full_contract.json
artifacts/external/alpasim_protocol_replay/navsim_ego_status_mlp_full_contract-telemetry.jsonl
artifacts/external/alpasim_protocol_replay/README.md
artifacts/external/waymax_contract_study/manifest.json
artifacts/external/waymax_contract_study/README.md
artifacts/external/waymax_contract_study/results-summary.json
artifacts/external/waymax_contract_study/scenario-results.jsonl
CITATION.cff
configs/cvm/core.yaml
configs/cvm/fault_injection.yaml
configs/cvm/lifecycle_stress.yaml
configs/cvm/semantic_ablation.yaml
configs/cvm/temporal_ablation.yaml
.dockerignore
docs/assets/readme/alpasim-camera-comparison.gif
docs/assets/readme/alpasim-camera-comparison.mp4
docs/assets/readme/alpasim-closed-loop-divergence.gif
docs/assets/readme/alpasim-closed-loop.gif
docs/assets/readme/alpasim-demo-two-rollouts.gif
docs/assets/readme/alpasim-dynamic-camera-full.gif
docs/assets/readme/alpasim-dynamic-camera.gif
docs/assets/readme/alpasim-motion-shadow.gif
docs/assets/readme/alpasim-trajectory-map.gif
docs/assets/readme/camera-rig-comparison.svg
docs/assets/readme/example-before-after.png
docs/assets/readme/wod-camera-lidar-example.png
docs/assets/readme/wod-lidar-point-cloud-example.png
docs/challenge-compatibility.md
docs/changelog.md
docs/cli.md
docs/design.md
docs/getting-started.md
docs/README.md
docs/reproduction.md
docs/womd-targeting.md
.gitattributes
.github/CODE_OF_CONDUCT.md
.github/CONTRIBUTING.md
.github/dependabot.yml
.github/ISSUE_TEMPLATE/bug_report.md
.github/ISSUE_TEMPLATE/feature_request.md
.github/pull_request_template.md
.github/SECURITY.md
.github/workflows/ci.yml
.gitignore
integrations/alpasim_e2e_challenge/build_image.sh
integrations/alpasim_e2e_challenge/Dockerfile
integrations/alpasim_e2e_challenge/README.md
integrations/alpasim_e2e_challenge/run_local_container.sh
LICENSE
LICENSES/Apache-2.0.txt
LICENSES/THIRD_PARTY_NOTICES.md
Makefile
paper/cvm/CHANGELOG.md
paper/cvm/figures/evaluation_pipeline.pdf
paper/cvm/figures/main_results.pdf
paper/cvm/figures/system_architecture.pdf
paper/cvm/figures/waymax_factorial.pdf
paper/cvm/generated/ablations.tex
paper/cvm/generated/contract_map.tex
paper/cvm/generated/fault_localization.tex
paper/cvm/generated/main_results.tex
paper/cvm/generated/paper_numbers.tex
paper/cvm/generated/protocol_replay_policies.tex
paper/cvm/generated/waymax_factorial.tex
paper/cvm/ieeeconf.cls
paper/cvm/main.tex
paper/cvm/metadata.json
paper/cvm/references.bib
paper/cvm/REPRODUCE.md
paper/Makefile
.pre-commit-config.yaml
pyproject.toml
README.md
scripts/aggregate_cvm.py
scripts/alpabridge_doctor.py
scripts/audit_run.py
scripts/batch_summary.py
scripts/benchmark_readiness.py
scripts/benchmark_summary.py
scripts/bootstrap_alpasim_checkout.sh
scripts/bootstrap_alpasim_env.sh
scripts/bootstrap_alpasim_runtime.sh
scripts/build_alpasim_base_image.sh
scripts/build_alpasim_local_usdz_cache.py
scripts/build_alpasim_oracle_actor_proxy.py
scripts/build_cvm_paper.sh
scripts/challenge_e2e_driver.py
scripts/check_alpasim_readiness.py
scripts/cvm_inventory.sh
scripts/generate_cvm_figures.py
scripts/import_alpasim_scene_cache.sh
scripts/package_alpasim_navsim_reactive_evidence.py
scripts/prepare_alpasim_public_video_fixture.py
scripts/promote_batch_summary.py
scripts/release_bootstrap_smoke.py
scripts/render_readme_example.py
scripts/reproduce_closed_loop.py
scripts/run_alpasim_local_external.py
scripts/run_alpasim_scene_batch.py
scripts/run_cvm_matrix.py
scripts/run_diagnostic_experiment.py
scripts/run_synthetic_contract_demo.py
scripts/run_waymax_contract_study.sh
scripts/serve_alpasim_seed_video_model.py
scripts/setup_alpasim_local_plugin.py
scripts/support_bundle.py
scripts/validate_cvm_submission.py
src/alpabridge/alpasim_overrides/Dockerfile.amd64
src/alpabridge/alpasim_overrides/__init__.py
src/alpabridge/alpasim_overrides/local_checkout.patch
src/alpabridge/alpasim_overrides/route_waypoints.patch
src/alpabridge/alpasim_overrides/src/driver/src/alpasim_driver/models/__init__.py
src/alpabridge/alpasim_overrides/src/wizard/alpasim_wizard/deployment/docker_compose.py
src/alpabridge/alpasim_overrides/src/wizard/configs/deploy/local_arm_external_driver.yaml
src/alpabridge/audit/alpasim_export.py
src/alpabridge/audit/diagnostic_experiment.py
src/alpabridge/audit/diagnostic_trace_generation.py
src/alpabridge/audit/__init__.py
src/alpabridge/audit/internal_export.py
src/alpabridge/audit/rerun_bridge.py
src/alpabridge/audit/review.py
src/alpabridge/audit/schema.py
src/alpabridge/audit/trace_diagnostics.py
src/alpabridge/challenge/e2e_driver.py
src/alpabridge/challenge/__init__.py
src/alpabridge/cli/commands/alpabridge_doctor.py
src/alpabridge/cli/commands/audit_run.py
src/alpabridge/cli/commands/batch_summary.py
src/alpabridge/cli/commands/benchmark_readiness.py
src/alpabridge/cli/commands/benchmark_summary.py
src/alpabridge/cli/commands/build_alpasim_local_usdz_cache.py
src/alpabridge/cli/commands/build_alpasim_oracle_actor_proxy.py
src/alpabridge/cli/commands/check_alpasim_readiness.py
src/alpabridge/cli/commands/__init__.py
src/alpabridge/cli/commands/promote_batch_summary.py
src/alpabridge/cli/commands/reproduce_closed_loop.py
src/alpabridge/cli/commands/run_alpasim_local_external.py
src/alpabridge/cli/commands/run_alpasim_scene_batch.py
src/alpabridge/cli/commands/setup_alpasim_local_plugin.py
src/alpabridge/cli/commands/support_bundle.py
src/alpabridge/cli/__init__.py
src/alpabridge/cli/runtime_paths.py
src/alpabridge/cli/wrapper.py
src/alpabridge/experiments/__init__.py
src/alpabridge/experiments/waymax_contract_study.py
src/alpabridge/__init__.py
src/alpabridge/neutral/alpasim_metrics.py
src/alpabridge/neutral/__init__.py
src/alpabridge/simulator/alpasim_configs/driver/constant_velocity.yaml
src/alpabridge/simulator/alpasim_configs/driver/direct_actor_planner.yaml
src/alpabridge/simulator/alpasim_configs/driver/route_following.yaml
src/alpabridge/simulator/alpasim_configs/driver/token_dagger_bc.yaml
src/alpabridge/simulator/alpasim_configs/__init__.py
src/alpabridge/simulator/alpasim_contract.py
src/alpabridge/simulator/alpasim_direct_actor_planner.py
src/alpabridge/simulator/alpasim_scene_presets/fresh_3scene.yaml
src/alpabridge/simulator/alpasim_scene_presets/front_camera_100scene_public2602.yaml
src/alpabridge/simulator/alpasim_scene_presets/front_camera_10scene_smoke.yaml
src/alpabridge/simulator/alpasim_scene_presets/front_camera_30scene_merged.yaml
src/alpabridge/simulator/alpasim_scene_presets/front_camera_50scene_public2602.yaml
src/alpabridge/simulator/alpasim_scene_presets/front_camera_collision18.yaml
src/alpabridge/simulator/alpasim_signal.py
src/alpabridge/simulator/alpasim_token_bc.py
src/alpabridge/simulator/baseline_drivers.py
src/alpabridge/simulator/environment.py
src/alpabridge/simulator/__init__.py
src/alpabridge/simulator/lifecycle_service.py
src/alpabridge/simulator/maneuver_candidates.py
src/alpabridge/simulator/navsim_ego_status_mlp.py
src/alpabridge/simulator/perception.py
src/alpabridge/simulator/planner.py
src/alpabridge/simulator/trajectory_selector.py
src/alpabridge/simulator/world_model.py
tests/pyproject_helpers.py
tests/test_aggregate_cvm.py
tests/test_alpabridge_doctor.py
tests/test_alpasim_integration.py
tests/test_alpasim_navsim_reactive_evidence.py
tests/test_alpasim_setup_scripts.py
tests/test_audit_run_command.py
tests/test_batch_summary.py
tests/test_benchmark_readiness.py
tests/test_benchmark_summary.py
tests/test_bootstrap_alpasim_env_script.py
tests/test_build_alpasim_local_usdz_cache.py
tests/test_challenge_e2e_driver.py
tests/test_check_alpasim_readiness.py
tests/test_import_alpasim_scene_cache_script.py
tests/test_lifecycle_contract.py
tests/test_maneuver_candidates.py
tests/test_navsim_ego_status_mlp.py
tests/test_plugin_dependency_boundary.py
tests/test_promote_batch_summary.py
tests/test_release_bootstrap_smoke.py
tests/test_reproduce_closed_loop.py
tests/test_run_alpasim_scene_batch.py
tests/test_run_cvm_matrix.py
tests/test_support_bundle_command.py
tests/test_synthetic_contract_demo.py
tests/test_trace_diagnostics.py
tests/test_validate_cvm_submission.py
tests/test_waymax_contract_study.py
third_party/alpasim_overrides/Dockerfile.amd64
third_party/alpasim_overrides/local_checkout.patch
third_party/alpasim_overrides/README.md
third_party/alpasim_overrides/route_waypoints.patch
third_party/alpasim_overrides/src/driver/src/alpasim_driver/models/__init__.py
third_party/alpasim_overrides/src/wizard/alpasim_wizard/deployment/docker_compose.py
third_party/alpasim_overrides/src/wizard/configs/deploy/local_arm_external_driver.yaml
uv.lock
